*** Using Compiler 'V5.06 update 5 (build 528)', folder: 'D:\keil_5\Core\ARM\ARMCC\Bin'
Build target 'Temple'
compiling croutine.c...
compiling event_groups.c...
compiling list.c...
compiling stream_buffer.c...
compiling FreeRTOS_Demo.c...
compiling queue.c...
compiling tasks.c...
compiling timers.c...
compiling heap_4.c...
compiling port.c...
compiling stm32f1xx_it.c...
compiling LED.c...
compiling KEY.c...
linking...
Program Size: Code=8436 RO-data=312 RW-data=128 ZI-data=19312  
FromELF: creating hex file...
"Temple\Temple.axf" - 0 Error(s), 0 Warning(s).
Build Time Elapsed:  00:00:02
