*** Using Compiler 'V5.06 update 5 (build 528)', folder: 'D:\keil_5\Core\ARM\ARMCC\Bin'
Rebuild target 'Temple'
assembling startup_stm32f103xb.s...
compiling FreeRTOS_Demo.c...
compiling gpio.c...
compiling stm32f1xx_hal_timebase_tim.c...
compiling stm32f1xx_hal_gpio_ex.c...
compiling stm32f1xx_hal_msp.c...
compiling main.c...
compiling stm32f1xx_hal_tim_ex.c...
compiling stm32f1xx_it.c...
compiling stm32f1xx_hal_tim.c...
compiling stm32f1xx_hal_rcc_ex.c...
compiling stm32f1xx_hal.c...
compiling stm32f1xx_hal_cortex.c...
compiling stm32f1xx_hal_pwr.c...
compiling stm32f1xx_hal_gpio.c...
compiling stm32f1xx_hal_rcc.c...
compiling stm32f1xx_hal_dma.c...
compiling list.c...
compiling croutine.c...
compiling event_groups.c...
compiling queue.c...
compiling stream_buffer.c...
compiling timers.c...
compiling tasks.c...
compiling heap_4.c...
compiling port.c...
compiling stm32f1xx_hal_flash.c...
compiling stm32f1xx_hal_exti.c...
compiling stm32f1xx_hal_flash_ex.c...
compiling system_stm32f1xx.c...
compiling LED.c...
compiling KEY.c...
linking...
Program Size: Code=11216 RO-data=312 RW-data=148 ZI-data=6116  
FromELF: creating hex file...
"Temple\Temple.axf" - 0 Error(s), 0 Warning(s).
Build Time Elapsed:  00:00:07
